<?xml version="1.0" encoding="UTF-8"?>
<!-- Generated by org.testng.reporters.JUnitXMLReporter -->
<testsuite hostname="Maulik-PC" name="Draft Test" tests="1" failures="1" timestamp="7 Oct 2015 21:23:24 GMT" time="3.221" errors="0">
  <testcase name="draftEmail" time="3.221" classname="testcases.DraftTestCase">
    <failure type="java.lang.AssertionError" message="expected [Draft is working] but found []">
      <![CDATA[java.lang.AssertionError: expected [Draft is working] but found []
	at testcases.DraftTestCase.draftEmail(DraftTestCase.java:64)
... Removed 32 stack frames]]>
    </failure>
  </testcase> <!-- draftEmail -->
</testsuite> <!-- Draft Test -->
